DEPRECATION WARNING: ActiveRecord::Base.raise_in_transactional_callbacks= is deprecated, has no effect and will be removed without replacement. (called from <top (required)> at /Users/appacademy/Desktop/app-academy/curriculum/html-css/projects/aa_times/skeleton/config/environment.rb:5)
DEPRECATION WARNING: Passing #original_exception is deprecated and has no effect. Exceptions will automatically capture the original exception. (called from require at /Users/appacademy/Desktop/app-academy/curriculum/html-css/projects/aa_times/skeleton/bin/rails:9)
DEPRECATION WARNING: ActiveRecord::Base.raise_in_transactional_callbacks= is deprecated, has no effect and will be removed without replacement. (called from require at /Users/appacademy/Desktop/app-academy/curriculum/html-css/projects/aa_times/skeleton/bin/rails:9)
  [1m[35m (6.2ms)[0m  [1m[35mCREATE TABLE "schema_migrations" ("version" varchar NOT NULL PRIMARY KEY)[0m
  [1m[35m (2.7ms)[0m  [1m[35mCREATE TABLE "ar_internal_metadata" ("key" varchar NOT NULL PRIMARY KEY, "value" varchar, "created_at" datetime NOT NULL, "updated_at" datetime NOT NULL)[0m
  [1m[36mActiveRecord::InternalMetadata Load (0.3ms)[0m  [1m[34mSELECT  "ar_internal_metadata".* FROM "ar_internal_metadata" WHERE "ar_internal_metadata"."key" = ? LIMIT ?[0m  [["key", "environment"], ["LIMIT", 1]]
  [1m[35m (0.1ms)[0m  [1m[36mbegin transaction[0m
  [1m[35mSQL (0.5ms)[0m  [1m[32mINSERT INTO "ar_internal_metadata" ("key", "value", "created_at", "updated_at") VALUES (?, ?, ?, ?)[0m  [["key", "environment"], ["value", "development"], ["created_at", "2018-05-08 13:28:35.437337"], ["updated_at", "2018-05-08 13:28:35.437337"]]
  [1m[35m (2.2ms)[0m  [1m[36mcommit transaction[0m
  [1m[36mActiveRecord::SchemaMigration Load (0.1ms)[0m  [1m[34mSELECT "schema_migrations".* FROM "schema_migrations"[0m
Started GET "/" for ::1 at 2018-05-08 09:29:10 -0400
DEPRECATION WARNING: ActiveRecord::Base.raise_in_transactional_callbacks= is deprecated, has no effect and will be removed without replacement. (called from block (3 levels) in <class:Railtie> at /usr/local/var/rbenv/versions/2.3.1/lib/ruby/gems/2.3.0/gems/activerecord-5.0.7/lib/active_record/railtie.rb:113)
Processing by StaticPagesController#index as HTML
  Rendering static_pages/index.html.erb within layouts/application
  Rendered shared/_main_nav.html.erb (0.7ms)
  Rendered shared/_masthead.html.erb (0.5ms)
  Rendered shared/_sections_nav.html.erb (0.9ms)
  Rendered shared/_search_modal.html.erb (0.5ms)
  Rendered shared/_main_content.html.erb (0.4ms)
  Rendered static_pages/index.html.erb within layouts/application (32.0ms)
Completed 200 OK in 817ms (Views: 810.1ms | ActiveRecord: 0.0ms)


Started GET "/assets/components/dropdown.self-815016af6fab1d5b72abd319213bf62f0c42bab2c585d2e059543ae704a0d74c.js?body=1" for ::1 at 2018-05-08 09:29:11 -0400
Started GET "/assets/components/modal.self-52188644dbb47def5ee35ae02e69eb567ca9b664472357a8a5789dd39032a265.js?body=1" for ::1 at 2018-05-08 09:29:11 -0400
Started GET "/assets/components/sidebar.self-2a1277f850a6fa21e1a974ef5152f177ac05516477d5081d593bb137b3d6808b.js?body=1" for ::1 at 2018-05-08 09:29:11 -0400
Started GET "/assets/application.self-f571b9db02bf4ed04c38a6a29072ac382f7d4f47db1fab9817aeadb0d8665235.js?body=1" for ::1 at 2018-05-08 09:29:11 -0400
Started GET "/assets/application.self-b663423749731f7aefc12aab04903643ffbbfafb45fcfb66496adb852614caef.css?body=1" for ::1 at 2018-05-08 09:29:11 -0400
Started GET "/users/new" for ::1 at 2018-09-17 11:02:31 -0700
DEPRECATION WARNING: ActiveRecord::Base.raise_in_transactional_callbacks= is deprecated, has no effect and will be removed without replacement. (called from block (3 levels) in <class:Railtie> at /usr/local/var/rbenv/versions/2.5.0/lib/ruby/gems/2.5.0/gems/activerecord-5.0.7/lib/active_record/railtie.rb:113)
  
ActionController::RoutingError (No route matches [GET] "/users/new"):
  
actionpack (5.0.7) lib/action_dispatch/middleware/debug_exceptions.rb:53:in `call'
web-console (3.6.2) lib/web_console/middleware.rb:135:in `call_app'
web-console (3.6.2) lib/web_console/middleware.rb:30:in `block in call'
web-console (3.6.2) lib/web_console/middleware.rb:20:in `catch'
web-console (3.6.2) lib/web_console/middleware.rb:20:in `call'
actionpack (5.0.7) lib/action_dispatch/middleware/show_exceptions.rb:31:in `call'
railties (5.0.7) lib/rails/rack/logger.rb:36:in `call_app'
railties (5.0.7) lib/rails/rack/logger.rb:24:in `block in call'
activesupport (5.0.7) lib/active_support/tagged_logging.rb:69:in `block in tagged'
activesupport (5.0.7) lib/active_support/tagged_logging.rb:26:in `tagged'
activesupport (5.0.7) lib/active_support/tagged_logging.rb:69:in `tagged'
railties (5.0.7) lib/rails/rack/logger.rb:24:in `call'
actionpack (5.0.7) lib/action_dispatch/middleware/request_id.rb:24:in `call'
rack (2.0.5) lib/rack/method_override.rb:22:in `call'
rack (2.0.5) lib/rack/runtime.rb:22:in `call'
activesupport (5.0.7) lib/active_support/cache/strategy/local_cache_middleware.rb:28:in `call'
actionpack (5.0.7) lib/action_dispatch/middleware/executor.rb:12:in `call'
rack-livereload (0.3.17) lib/rack/livereload.rb:23:in `_call'
rack-livereload (0.3.17) lib/rack/livereload.rb:14:in `call'
actionpack (5.0.7) lib/action_dispatch/middleware/static.rb:136:in `call'
rack (2.0.5) lib/rack/sendfile.rb:111:in `call'
railties (5.0.7) lib/rails/engine.rb:522:in `call'
puma (3.11.4) lib/puma/configuration.rb:225:in `call'
puma (3.11.4) lib/puma/server.rb:632:in `handle_request'
puma (3.11.4) lib/puma/server.rb:446:in `process_client'
puma (3.11.4) lib/puma/server.rb:306:in `block in run'
puma (3.11.4) lib/puma/thread_pool.rb:120:in `block in spawn_thread'
  Rendering /usr/local/var/rbenv/versions/2.5.0/lib/ruby/gems/2.5.0/gems/actionpack-5.0.7/lib/action_dispatch/middleware/templates/rescues/routing_error.html.erb within rescues/layout
  Rendering /usr/local/var/rbenv/versions/2.5.0/lib/ruby/gems/2.5.0/gems/actionpack-5.0.7/lib/action_dispatch/middleware/templates/rescues/_trace.html.erb
  Rendered /usr/local/var/rbenv/versions/2.5.0/lib/ruby/gems/2.5.0/gems/actionpack-5.0.7/lib/action_dispatch/middleware/templates/rescues/_trace.html.erb (1.2ms)
  Rendered collection of /usr/local/var/rbenv/versions/2.5.0/lib/ruby/gems/2.5.0/gems/actionpack-5.0.7/lib/action_dispatch/middleware/templates/routes/_route.html.erb [1 times] (38.9ms)
  Rendered /usr/local/var/rbenv/versions/2.5.0/lib/ruby/gems/2.5.0/gems/actionpack-5.0.7/lib/action_dispatch/middleware/templates/routes/_table.html.erb (10.4ms)
  Rendering /usr/local/var/rbenv/versions/2.5.0/lib/ruby/gems/2.5.0/gems/actionpack-5.0.7/lib/action_dispatch/middleware/templates/rescues/_request_and_response.html.erb
  Rendered /usr/local/var/rbenv/versions/2.5.0/lib/ruby/gems/2.5.0/gems/actionpack-5.0.7/lib/action_dispatch/middleware/templates/rescues/_request_and_response.html.erb (13.4ms)
  Rendered /usr/local/var/rbenv/versions/2.5.0/lib/ruby/gems/2.5.0/gems/actionpack-5.0.7/lib/action_dispatch/middleware/templates/rescues/routing_error.html.erb within rescues/layout (243.8ms)
Started GET "/" for ::1 at 2018-09-17 11:02:39 -0700
Processing by StaticPagesController#index as HTML
  Rendering static_pages/index.html.erb within layouts/application
  Rendered shared/_main_nav.html.erb (0.5ms)
  Rendered shared/_masthead.html.erb (0.3ms)
  Rendered shared/_sections_nav.html.erb (0.5ms)
  Rendered shared/_search_modal.html.erb (0.4ms)
  Rendered shared/_main_content.html.erb (1.1ms)
  Rendered static_pages/index.html.erb within layouts/application (18.9ms)
Completed 200 OK in 601ms (Views: 598.1ms | ActiveRecord: 0.0ms)


Started GET "/assets/application.self-1852d0908fae0717fc12340c7f8e61137a58dc175b31312212dacf4913a02504.css?body=1" for ::1 at 2018-09-17 11:02:39 -0700
Started GET "/assets/jquery.self-bd7ddd393353a8d2480a622e80342adf488fb6006d667e8b42e4c0073393abee.js?body=1" for ::1 at 2018-09-17 11:02:39 -0700
Started GET "/assets/jquery_ujs.self-784a997f6726036b1993eb2217c9cb558e1cbb801c6da88105588c56f13b466a.js?body=1" for ::1 at 2018-09-17 11:02:39 -0700
Started GET "/assets/components/modal.self-52188644dbb47def5ee35ae02e69eb567ca9b664472357a8a5789dd39032a265.js?body=1" for ::1 at 2018-09-17 11:02:39 -0700
Started GET "/assets/components/dropdown.self-815016af6fab1d5b72abd319213bf62f0c42bab2c585d2e059543ae704a0d74c.js?body=1" for ::1 at 2018-09-17 11:02:39 -0700
Started GET "/assets/components/sidebar.self-2a1277f850a6fa21e1a974ef5152f177ac05516477d5081d593bb137b3d6808b.js?body=1" for ::1 at 2018-09-17 11:02:39 -0700
Started GET "/assets/application.self-f571b9db02bf4ed04c38a6a29072ac382f7d4f47db1fab9817aeadb0d8665235.js?body=1" for ::1 at 2018-09-17 11:02:39 -0700
Started GET "/assets/application.self-1852d0908fae0717fc12340c7f8e61137a58dc175b31312212dacf4913a02504.css?body=1&livereload=1537207984232" for ::1 at 2018-09-17 11:13:05 -0700
Started GET "/assets/application.self-1852d0908fae0717fc12340c7f8e61137a58dc175b31312212dacf4913a02504.css?body=1&livereload=1537207984228" for ::1 at 2018-09-17 11:13:05 -0700
Started GET "/" for ::1 at 2018-09-17 11:13:13 -0700
Processing by StaticPagesController#index as HTML
  Rendering static_pages/index.html.erb within layouts/application
  Rendered shared/_main_nav.html.erb (0.7ms)
  Rendered shared/_masthead.html.erb (0.3ms)
  Rendered shared/_sections_nav.html.erb (0.4ms)
  Rendered shared/_search_modal.html.erb (0.3ms)
  Rendered shared/_main_content.html.erb (0.4ms)
  Rendered static_pages/index.html.erb within layouts/application (15.5ms)
Completed 500 Internal Server Error in 112ms (ActiveRecord: 0.0ms)



Sass::SyntaxError - Invalid CSS after "  list-style:": expected expression (e.g. 1px, bold), was "}":
  app/views/layouts/application.html.erb:7:in `_app_views_layouts_application_html_erb___792688247677934303_70208779062080'

Started POST "/__better_errors/dd86104cca692066/variables" for ::1 at 2018-09-17 11:13:14 -0700
Started GET "/" for ::1 at 2018-09-17 11:13:29 -0700
Processing by StaticPagesController#index as HTML
  Rendering static_pages/index.html.erb within layouts/application
  Rendered shared/_main_nav.html.erb (0.2ms)
  Rendered shared/_masthead.html.erb (0.2ms)
  Rendered shared/_sections_nav.html.erb (0.2ms)
  Rendered shared/_search_modal.html.erb (0.4ms)
  Rendered shared/_main_content.html.erb (0.2ms)
  Rendered static_pages/index.html.erb within layouts/application (12.1ms)
Completed 200 OK in 118ms (Views: 115.1ms | ActiveRecord: 0.0ms)


Started GET "/assets/application.self-1852d0908fae0717fc12340c7f8e61137a58dc175b31312212dacf4913a02504.css?body=1&livereload=1537208092667" for ::1 at 2018-09-17 11:14:52 -0700
Started GET "/assets/application.self-1852d0908fae0717fc12340c7f8e61137a58dc175b31312212dacf4913a02504.css?body=1&livereload=1537208092669" for ::1 at 2018-09-17 11:14:52 -0700
Started GET "/assets/application.self-1852d0908fae0717fc12340c7f8e61137a58dc175b31312212dacf4913a02504.css?body=1&livereload=1537208105184" for ::1 at 2018-09-17 11:15:05 -0700
Started GET "/assets/application.self-1852d0908fae0717fc12340c7f8e61137a58dc175b31312212dacf4913a02504.css?body=1&livereload=1537208105185" for ::1 at 2018-09-17 11:15:05 -0700
Started GET "/assets/application.self-1852d0908fae0717fc12340c7f8e61137a58dc175b31312212dacf4913a02504.css?body=1&livereload=1537208109346" for ::1 at 2018-09-17 11:15:09 -0700
Started GET "/assets/application.self-1852d0908fae0717fc12340c7f8e61137a58dc175b31312212dacf4913a02504.css?body=1&livereload=1537208109348" for ::1 at 2018-09-17 11:15:09 -0700
Started GET "/assets/application.self-1852d0908fae0717fc12340c7f8e61137a58dc175b31312212dacf4913a02504.css?body=1&livereload=1537208130834" for ::1 at 2018-09-17 11:15:30 -0700
Started GET "/assets/application.self-1852d0908fae0717fc12340c7f8e61137a58dc175b31312212dacf4913a02504.css?body=1&livereload=1537208130833" for ::1 at 2018-09-17 11:15:30 -0700
Started GET "/assets/application.self-1852d0908fae0717fc12340c7f8e61137a58dc175b31312212dacf4913a02504.css?body=1&livereload=1537208134997" for ::1 at 2018-09-17 11:15:35 -0700
Started GET "/assets/application.self-1852d0908fae0717fc12340c7f8e61137a58dc175b31312212dacf4913a02504.css?body=1&livereload=1537208134998" for ::1 at 2018-09-17 11:15:35 -0700
Started GET "/assets/application.self-1852d0908fae0717fc12340c7f8e61137a58dc175b31312212dacf4913a02504.css?body=1&livereload=1537208140943" for ::1 at 2018-09-17 11:15:40 -0700
Started GET "/assets/application.self-1852d0908fae0717fc12340c7f8e61137a58dc175b31312212dacf4913a02504.css?body=1&livereload=1537208140944" for ::1 at 2018-09-17 11:15:40 -0700
Started GET "/assets/application.self-1852d0908fae0717fc12340c7f8e61137a58dc175b31312212dacf4913a02504.css?body=1&livereload=1537208147170" for ::1 at 2018-09-17 11:15:47 -0700
Started GET "/assets/application.self-1852d0908fae0717fc12340c7f8e61137a58dc175b31312212dacf4913a02504.css?body=1&livereload=1537208147173" for ::1 at 2018-09-17 11:15:47 -0700
Started GET "/assets/application.self-1852d0908fae0717fc12340c7f8e61137a58dc175b31312212dacf4913a02504.css?body=1&livereload=1537208154779" for ::1 at 2018-09-17 11:15:54 -0700
Started GET "/assets/application.self-1852d0908fae0717fc12340c7f8e61137a58dc175b31312212dacf4913a02504.css?body=1&livereload=1537208154781" for ::1 at 2018-09-17 11:15:54 -0700
Started GET "/assets/application.self-1852d0908fae0717fc12340c7f8e61137a58dc175b31312212dacf4913a02504.css?body=1&livereload=1537208161075" for ::1 at 2018-09-17 11:16:01 -0700
Started GET "/assets/application.self-1852d0908fae0717fc12340c7f8e61137a58dc175b31312212dacf4913a02504.css?body=1&livereload=1537208161076" for ::1 at 2018-09-17 11:16:01 -0700
Started GET "/assets/application.self-1852d0908fae0717fc12340c7f8e61137a58dc175b31312212dacf4913a02504.css?body=1&livereload=1537208167868" for ::1 at 2018-09-17 11:16:07 -0700
Started GET "/assets/application.self-1852d0908fae0717fc12340c7f8e61137a58dc175b31312212dacf4913a02504.css?body=1&livereload=1537208167869" for ::1 at 2018-09-17 11:16:07 -0700
Started GET "/assets/application.self-1852d0908fae0717fc12340c7f8e61137a58dc175b31312212dacf4913a02504.css?body=1&livereload=1537208263694" for ::1 at 2018-09-17 11:17:43 -0700
Started GET "/assets/application.self-1852d0908fae0717fc12340c7f8e61137a58dc175b31312212dacf4913a02504.css?body=1&livereload=1537208263696" for ::1 at 2018-09-17 11:17:43 -0700
Started GET "/assets/application.self-1852d0908fae0717fc12340c7f8e61137a58dc175b31312212dacf4913a02504.css?body=1&livereload=1537208279789" for ::1 at 2018-09-17 11:17:59 -0700
Started GET "/assets/application.self-1852d0908fae0717fc12340c7f8e61137a58dc175b31312212dacf4913a02504.css?body=1&livereload=1537208279790" for ::1 at 2018-09-17 11:17:59 -0700
Started GET "/" for ::1 at 2018-09-17 11:18:03 -0700
Processing by StaticPagesController#index as HTML
  Rendering static_pages/index.html.erb within layouts/application
  Rendered shared/_main_nav.html.erb (0.3ms)
  Rendered shared/_masthead.html.erb (0.4ms)
  Rendered shared/_sections_nav.html.erb (0.3ms)
  Rendered shared/_search_modal.html.erb (0.2ms)
  Rendered shared/_main_content.html.erb (0.2ms)
  Rendered static_pages/index.html.erb within layouts/application (13.1ms)
Completed 200 OK in 139ms (Views: 136.5ms | ActiveRecord: 0.0ms)


Started GET "/assets/application.self-9e4eb0ba34797ead6183bd5b49d413dc851310060dc06a7cea69048b3553b9a8.css?body=1" for ::1 at 2018-09-17 11:18:03 -0700
Started GET "/assets/application.self-9e4eb0ba34797ead6183bd5b49d413dc851310060dc06a7cea69048b3553b9a8.css?body=1&livereload=1537208324114" for ::1 at 2018-09-17 11:18:44 -0700
Started GET "/assets/application.self-9e4eb0ba34797ead6183bd5b49d413dc851310060dc06a7cea69048b3553b9a8.css?body=1&livereload=1537208324116" for ::1 at 2018-09-17 11:18:44 -0700
Started GET "/" for ::1 at 2018-09-17 11:18:45 -0700
Processing by StaticPagesController#index as HTML
  Rendering static_pages/index.html.erb within layouts/application
  Rendered shared/_main_nav.html.erb (0.4ms)
  Rendered shared/_masthead.html.erb (0.5ms)
  Rendered shared/_sections_nav.html.erb (0.2ms)
  Rendered shared/_search_modal.html.erb (0.2ms)
  Rendered shared/_main_content.html.erb (0.3ms)
  Rendered static_pages/index.html.erb within layouts/application (13.2ms)
Completed 200 OK in 40ms (Views: 37.3ms | ActiveRecord: 0.0ms)


Started GET "/assets/application.self-c772034fd8f08f27f52ae3671a990a3ae75dc03fe06a3b74b20292f89468b761.css?body=1" for ::1 at 2018-09-17 11:18:46 -0700
Started GET "/assets/application.self-c772034fd8f08f27f52ae3671a990a3ae75dc03fe06a3b74b20292f89468b761.css?body=1&livereload=1537208397054" for ::1 at 2018-09-17 11:19:57 -0700
Started GET "/assets/application.self-c772034fd8f08f27f52ae3671a990a3ae75dc03fe06a3b74b20292f89468b761.css?body=1&livereload=1537208397057" for ::1 at 2018-09-17 11:19:57 -0700
Started GET "/assets/application.self-c772034fd8f08f27f52ae3671a990a3ae75dc03fe06a3b74b20292f89468b761.css?body=1&livereload=1537208445361" for ::1 at 2018-09-17 11:20:45 -0700
Started GET "/assets/application.self-c772034fd8f08f27f52ae3671a990a3ae75dc03fe06a3b74b20292f89468b761.css?body=1&livereload=1537208445362" for ::1 at 2018-09-17 11:20:45 -0700
